<?xml version="1.0" encoding="UTF-8"?>
<!-- Generated by org.testng.reporters.JUnitXMLReporter -->
<testsuite hostname="DESKTOP-01THEB1" ignored="0" name="Regression" tests="2" failures="0" timestamp="06 Jul 2019 16:48:05 GMT" time="372.557" errors="0">
  <testcase name="tc_01_buyProductFromLinenSarees" time="66.682" classname="com.craftsvilla.testcripts.LinenSareesScripts"/>
  <testcase name="tc_01_loginToApp" time="214.305" classname="com.craftsvilla.testcripts.LogInScripts"/>
</testsuite> <!-- Regression -->
